[0.000000] (-) TimerEvent: {}
[0.000492] (autodrive_f1tenth) JobQueued: {'identifier': 'autodrive_f1tenth', 'dependencies': OrderedDict()}
[0.000854] (f1tenth_mapping) JobQueued: {'identifier': 'f1tenth_mapping', 'dependencies': OrderedDict()}
[0.000885] (autodrive_f1tenth) JobStarted: {'identifier': 'autodrive_f1tenth'}
[0.034815] (f1tenth_mapping) JobStarted: {'identifier': 'f1tenth_mapping'}
[0.100152] (-) TimerEvent: {}
[0.200949] (-) TimerEvent: {}
[0.301376] (-) TimerEvent: {}
[0.401751] (-) TimerEvent: {}
[0.486533] (f1tenth_mapping) JobProgress: {'identifier': 'f1tenth_mapping', 'progress': 'cmake'}
[0.487171] (f1tenth_mapping) Command: {'cmd': ['/usr/bin/cmake', '/ros2_ws/src/f1tenth_mapping', '-DCMAKE_INSTALL_PREFIX=/ros2_ws/install/f1tenth_mapping'], 'cwd': '/ros2_ws/build/f1tenth_mapping', 'env': OrderedDict([('HOSTNAME', 'bhajneet-VivoBook'), ('GIT_ASKPASS', '/vscode/vscode-server/bin/linux-x64/4849ca9bdf9666755eb463db297b69e5385090e3/extensions/git/dist/askpass.sh'), ('SHLVL', '2'), ('LD_LIBRARY_PATH', '/opt/ros/foxy/opt/yaml_cpp_vendor/lib:/opt/ros/foxy/opt/rviz_ogre_vendor/lib:/opt/ros/foxy/lib/x86_64-linux-gnu:/opt/ros/foxy/lib'), ('BROWSER', '/vscode/vscode-server/bin/linux-x64/4849ca9bdf9666755eb463db297b69e5385090e3/bin/helpers/browser.sh'), ('HOME', '/home/ubuntu'), ('TERM_PROGRAM_VERSION', '1.93.0'), ('VSCODE_IPC_HOOK_CLI', '/tmp/vscode-ipc-e15a916a-e966-4180-86c2-b5629bb60173.sock'), ('ROS_PYTHON_VERSION', '3'), ('VSCODE_GIT_ASKPASS_MAIN', '/vscode/vscode-server/bin/linux-x64/4849ca9bdf9666755eb463db297b69e5385090e3/extensions/git/dist/askpass-main.js'), ('VSCODE_GIT_ASKPASS_NODE', '/vscode/vscode-server/bin/linux-x64/4849ca9bdf9666755eb463db297b69e5385090e3/node'), ('COLORTERM', 'truecolor'), ('REMOTE_CONTAINERS', 'true'), ('ROS_DISTRO', 'foxy'), ('REMOTE_CONTAINERS_IPC', '/tmp/vscode-remote-containers-ipc-455272f4-ff82-4ca6-a941-fdb66a01a27c.sock'), ('_', '/usr/bin/colcon'), ('ROS_VERSION', '2'), ('TERM', 'xterm-256color'), ('ROS_LOCALHOST_ONLY', '0'), ('PATH', '/vscode/vscode-server/bin/linux-x64/4849ca9bdf9666755eb463db297b69e5385090e3/bin/remote-cli:/home/ubuntu/.local/bin:/opt/ros/foxy/bin:/usr/local/sbin:/usr/local/bin:/usr/sbin:/usr/bin:/sbin:/bin'), ('REMOTE_CONTAINERS_SOCKETS', '["/tmp/vscode-ssh-auth-455272f4-ff82-4ca6-a941-fdb66a01a27c.sock","/tmp/.X11-unix/X1","/home/ubuntu/.gnupg/S.gpg-agent"]'), ('DISPLAY', ':1'), ('LANG', 'C.UTF-8'), ('RMW_IMPLEMENTATION', 'rmw_cyclonedds_cpp'), ('LS_COLORS', 'rs=0:di=01;34:ln=01;36:mh=00:pi=40;33:so=01;35:do=01;35:bd=40;33;01:cd=40;33;01:or=40;31;01:mi=00:su=37;41:sg=30;43:ca=30;41:tw=30;42:ow=34;42:st=37;44:ex=01;32:*.tar=01;31:*.tgz=01;31:*.arc=01;31:*.arj=01;31:*.taz=01;31:*.lha=01;31:*.lz4=01;31:*.lzh=01;31:*.lzma=01;31:*.tlz=01;31:*.txz=01;31:*.tzo=01;31:*.t7z=01;31:*.zip=01;31:*.z=01;31:*.dz=01;31:*.gz=01;31:*.lrz=01;31:*.lz=01;31:*.lzo=01;31:*.xz=01;31:*.zst=01;31:*.tzst=01;31:*.bz2=01;31:*.bz=01;31:*.tbz=01;31:*.tbz2=01;31:*.tz=01;31:*.deb=01;31:*.rpm=01;31:*.jar=01;31:*.war=01;31:*.ear=01;31:*.sar=01;31:*.rar=01;31:*.alz=01;31:*.ace=01;31:*.zoo=01;31:*.cpio=01;31:*.7z=01;31:*.rz=01;31:*.cab=01;31:*.wim=01;31:*.swm=01;31:*.dwm=01;31:*.esd=01;31:*.jpg=01;35:*.jpeg=01;35:*.mjpg=01;35:*.mjpeg=01;35:*.gif=01;35:*.bmp=01;35:*.pbm=01;35:*.pgm=01;35:*.ppm=01;35:*.tga=01;35:*.xbm=01;35:*.xpm=01;35:*.tif=01;35:*.tiff=01;35:*.png=01;35:*.svg=01;35:*.svgz=01;35:*.mng=01;35:*.pcx=01;35:*.mov=01;35:*.mpg=01;35:*.mpeg=01;35:*.m2v=01;35:*.mkv=01;35:*.webm=01;35:*.ogm=01;35:*.mp4=01;35:*.m4v=01;35:*.mp4v=01;35:*.vob=01;35:*.qt=01;35:*.nuv=01;35:*.wmv=01;35:*.asf=01;35:*.rm=01;35:*.rmvb=01;35:*.flc=01;35:*.avi=01;35:*.fli=01;35:*.flv=01;35:*.gl=01;35:*.dl=01;35:*.xcf=01;35:*.xwd=01;35:*.yuv=01;35:*.cgm=01;35:*.emf=01;35:*.ogv=01;35:*.ogx=01;35:*.aac=00;36:*.au=00;36:*.flac=00;36:*.m4a=00;36:*.mid=00;36:*.midi=00;36:*.mka=00;36:*.mp3=00;36:*.mpc=00;36:*.ogg=00;36:*.ra=00;36:*.wav=00;36:*.oga=00;36:*.opus=00;36:*.spx=00;36:*.xspf=00;36:'), ('VSCODE_GIT_IPC_HANDLE', '/tmp/vscode-git-7d578379eb.sock'), ('TERM_PROGRAM', 'vscode'), ('SSH_AUTH_SOCK', '/tmp/vscode-ssh-auth-455272f4-ff82-4ca6-a941-fdb66a01a27c.sock'), ('AMENT_PREFIX_PATH', '/opt/ros/foxy'), ('REMOTE_CONTAINERS_DISPLAY_SOCK', '/tmp/.X11-unix/X1'), ('SHELL', '/bin/bash'), ('VSCODE_GIT_ASKPASS_EXTRA_ARGS', ''), ('PWD', '/ros2_ws/build/f1tenth_mapping'), ('LC_ALL', 'C.UTF-8'), ('PYTHONPATH', '/opt/ros/foxy/lib/python3.8/site-packages'), ('COLCON', '1'), ('CMAKE_PREFIX_PATH', '/opt/ros/foxy')]), 'shell': False}
[0.502162] (-) TimerEvent: {}
[0.603143] (-) TimerEvent: {}
[0.695443] (f1tenth_mapping) StdoutLine: {'line': b'-- The C compiler identification is GNU 9.4.0\n'}
[0.703422] (-) TimerEvent: {}
[0.803926] (-) TimerEvent: {}
[0.844343] (f1tenth_mapping) StdoutLine: {'line': b'-- The CXX compiler identification is GNU 9.4.0\n'}
[0.855086] (f1tenth_mapping) StdoutLine: {'line': b'-- Check for working C compiler: /usr/bin/cc\n'}
[0.904064] (-) TimerEvent: {}
[0.957027] (f1tenth_mapping) StdoutLine: {'line': b'-- Check for working C compiler: /usr/bin/cc -- works\n'}
[0.958757] (f1tenth_mapping) StdoutLine: {'line': b'-- Detecting C compiler ABI info\n'}
[1.004187] (-) TimerEvent: {}
[1.060722] (f1tenth_mapping) StdoutLine: {'line': b'-- Detecting C compiler ABI info - done\n'}
[1.076902] (f1tenth_mapping) StdoutLine: {'line': b'-- Detecting C compile features\n'}
[1.077562] (f1tenth_mapping) StdoutLine: {'line': b'-- Detecting C compile features - done\n'}
[1.081414] (f1tenth_mapping) StdoutLine: {'line': b'-- Check for working CXX compiler: /usr/bin/c++\n'}
[1.104400] (-) TimerEvent: {}
[1.111150] (autodrive_f1tenth) Command: {'cmd': ['/usr/bin/python3', 'setup.py', 'egg_info', '--egg-base', '../../build/autodrive_f1tenth', 'build', '--build-base', '/ros2_ws/build/autodrive_f1tenth/build', 'install', '--record', '/ros2_ws/build/autodrive_f1tenth/install.log', '--install-scripts', '$base/lib/autodrive_f1tenth', '--single-version-externally-managed'], 'cwd': '/ros2_ws/src/autodrive_f1tenth', 'env': {'HOSTNAME': 'bhajneet-VivoBook', 'GIT_ASKPASS': '/vscode/vscode-server/bin/linux-x64/4849ca9bdf9666755eb463db297b69e5385090e3/extensions/git/dist/askpass.sh', 'SHLVL': '2', 'LD_LIBRARY_PATH': '/opt/ros/foxy/opt/yaml_cpp_vendor/lib:/opt/ros/foxy/opt/rviz_ogre_vendor/lib:/opt/ros/foxy/lib/x86_64-linux-gnu:/opt/ros/foxy/lib', 'BROWSER': '/vscode/vscode-server/bin/linux-x64/4849ca9bdf9666755eb463db297b69e5385090e3/bin/helpers/browser.sh', 'HOME': '/home/ubuntu', 'TERM_PROGRAM_VERSION': '1.93.0', 'VSCODE_IPC_HOOK_CLI': '/tmp/vscode-ipc-e15a916a-e966-4180-86c2-b5629bb60173.sock', 'ROS_PYTHON_VERSION': '3', 'VSCODE_GIT_ASKPASS_MAIN': '/vscode/vscode-server/bin/linux-x64/4849ca9bdf9666755eb463db297b69e5385090e3/extensions/git/dist/askpass-main.js', 'VSCODE_GIT_ASKPASS_NODE': '/vscode/vscode-server/bin/linux-x64/4849ca9bdf9666755eb463db297b69e5385090e3/node', 'COLORTERM': 'truecolor', 'REMOTE_CONTAINERS': 'true', 'ROS_DISTRO': 'foxy', 'REMOTE_CONTAINERS_IPC': '/tmp/vscode-remote-containers-ipc-455272f4-ff82-4ca6-a941-fdb66a01a27c.sock', '_': '/usr/bin/colcon', 'ROS_VERSION': '2', 'TERM': 'xterm-256color', 'ROS_LOCALHOST_ONLY': '0', 'PATH': '/vscode/vscode-server/bin/linux-x64/4849ca9bdf9666755eb463db297b69e5385090e3/bin/remote-cli:/home/ubuntu/.local/bin:/opt/ros/foxy/bin:/usr/local/sbin:/usr/local/bin:/usr/sbin:/usr/bin:/sbin:/bin', 'REMOTE_CONTAINERS_SOCKETS': '["/tmp/vscode-ssh-auth-455272f4-ff82-4ca6-a941-fdb66a01a27c.sock","/tmp/.X11-unix/X1","/home/ubuntu/.gnupg/S.gpg-agent"]', 'DISPLAY': ':1', 'LANG': 'C.UTF-8', 'RMW_IMPLEMENTATION': 'rmw_cyclonedds_cpp', 'LS_COLORS': 'rs=0:di=01;34:ln=01;36:mh=00:pi=40;33:so=01;35:do=01;35:bd=40;33;01:cd=40;33;01:or=40;31;01:mi=00:su=37;41:sg=30;43:ca=30;41:tw=30;42:ow=34;42:st=37;44:ex=01;32:*.tar=01;31:*.tgz=01;31:*.arc=01;31:*.arj=01;31:*.taz=01;31:*.lha=01;31:*.lz4=01;31:*.lzh=01;31:*.lzma=01;31:*.tlz=01;31:*.txz=01;31:*.tzo=01;31:*.t7z=01;31:*.zip=01;31:*.z=01;31:*.dz=01;31:*.gz=01;31:*.lrz=01;31:*.lz=01;31:*.lzo=01;31:*.xz=01;31:*.zst=01;31:*.tzst=01;31:*.bz2=01;31:*.bz=01;31:*.tbz=01;31:*.tbz2=01;31:*.tz=01;31:*.deb=01;31:*.rpm=01;31:*.jar=01;31:*.war=01;31:*.ear=01;31:*.sar=01;31:*.rar=01;31:*.alz=01;31:*.ace=01;31:*.zoo=01;31:*.cpio=01;31:*.7z=01;31:*.rz=01;31:*.cab=01;31:*.wim=01;31:*.swm=01;31:*.dwm=01;31:*.esd=01;31:*.jpg=01;35:*.jpeg=01;35:*.mjpg=01;35:*.mjpeg=01;35:*.gif=01;35:*.bmp=01;35:*.pbm=01;35:*.pgm=01;35:*.ppm=01;35:*.tga=01;35:*.xbm=01;35:*.xpm=01;35:*.tif=01;35:*.tiff=01;35:*.png=01;35:*.svg=01;35:*.svgz=01;35:*.mng=01;35:*.pcx=01;35:*.mov=01;35:*.mpg=01;35:*.mpeg=01;35:*.m2v=01;35:*.mkv=01;35:*.webm=01;35:*.ogm=01;35:*.mp4=01;35:*.m4v=01;35:*.mp4v=01;35:*.vob=01;35:*.qt=01;35:*.nuv=01;35:*.wmv=01;35:*.asf=01;35:*.rm=01;35:*.rmvb=01;35:*.flc=01;35:*.avi=01;35:*.fli=01;35:*.flv=01;35:*.gl=01;35:*.dl=01;35:*.xcf=01;35:*.xwd=01;35:*.yuv=01;35:*.cgm=01;35:*.emf=01;35:*.ogv=01;35:*.ogx=01;35:*.aac=00;36:*.au=00;36:*.flac=00;36:*.m4a=00;36:*.mid=00;36:*.midi=00;36:*.mka=00;36:*.mp3=00;36:*.mpc=00;36:*.ogg=00;36:*.ra=00;36:*.wav=00;36:*.oga=00;36:*.opus=00;36:*.spx=00;36:*.xspf=00;36:', 'VSCODE_GIT_IPC_HANDLE': '/tmp/vscode-git-7d578379eb.sock', 'TERM_PROGRAM': 'vscode', 'SSH_AUTH_SOCK': '/tmp/vscode-ssh-auth-455272f4-ff82-4ca6-a941-fdb66a01a27c.sock', 'AMENT_PREFIX_PATH': '/opt/ros/foxy', 'REMOTE_CONTAINERS_DISPLAY_SOCK': '/tmp/.X11-unix/X1', 'SHELL': '/bin/bash', 'VSCODE_GIT_ASKPASS_EXTRA_ARGS': '', 'PWD': '/ros2_ws/build/autodrive_f1tenth', 'LC_ALL': 'C.UTF-8', 'PYTHONPATH': '/ros2_ws/build/autodrive_f1tenth/prefix_override:/ros2_ws/install/autodrive_f1tenth/lib/python3.8/site-packages:/opt/ros/foxy/lib/python3.8/site-packages', 'COLCON': '1'}, 'shell': False}
[1.194388] (f1tenth_mapping) StdoutLine: {'line': b'-- Check for working CXX compiler: /usr/bin/c++ -- works\n'}
[1.195802] (f1tenth_mapping) StdoutLine: {'line': b'-- Detecting CXX compiler ABI info\n'}
[1.204499] (-) TimerEvent: {}
[1.304994] (-) TimerEvent: {}
[1.309143] (f1tenth_mapping) StdoutLine: {'line': b'-- Detecting CXX compiler ABI info - done\n'}
[1.330152] (f1tenth_mapping) StdoutLine: {'line': b'-- Detecting CXX compile features\n'}
[1.330931] (f1tenth_mapping) StdoutLine: {'line': b'-- Detecting CXX compile features - done\n'}
[1.345321] (f1tenth_mapping) StdoutLine: {'line': b'-- Found ament_cmake: 0.9.12 (/opt/ros/foxy/share/ament_cmake/cmake)\n'}
[1.378606] (autodrive_f1tenth) StdoutLine: {'line': b'running egg_info\n'}
[1.379107] (autodrive_f1tenth) StdoutLine: {'line': b'creating ../../build/autodrive_f1tenth/autodrive_f1tenth.egg-info\n'}
[1.379652] (autodrive_f1tenth) StdoutLine: {'line': b'writing ../../build/autodrive_f1tenth/autodrive_f1tenth.egg-info/PKG-INFO\n'}
[1.379894] (autodrive_f1tenth) StdoutLine: {'line': b'writing dependency_links to ../../build/autodrive_f1tenth/autodrive_f1tenth.egg-info/dependency_links.txt\n'}
[1.380048] (autodrive_f1tenth) StdoutLine: {'line': b'writing entry points to ../../build/autodrive_f1tenth/autodrive_f1tenth.egg-info/entry_points.txt\n'}
[1.380198] (autodrive_f1tenth) StdoutLine: {'line': b'writing requirements to ../../build/autodrive_f1tenth/autodrive_f1tenth.egg-info/requires.txt\n'}
[1.380457] (autodrive_f1tenth) StdoutLine: {'line': b'writing top-level names to ../../build/autodrive_f1tenth/autodrive_f1tenth.egg-info/top_level.txt\n'}
[1.384624] (autodrive_f1tenth) StdoutLine: {'line': b"writing manifest file '../../build/autodrive_f1tenth/autodrive_f1tenth.egg-info/SOURCES.txt'\n"}
[1.387377] (f1tenth_mapping) StdoutLine: {'line': b'-- Found PythonInterp: /usr/bin/python3 (found suitable version "3.8.10", minimum required is "3") \n'}
[1.387638] (f1tenth_mapping) StdoutLine: {'line': b'-- Using PYTHON_EXECUTABLE: /usr/bin/python3\n'}
[1.405135] (-) TimerEvent: {}
[1.433735] (autodrive_f1tenth) StdoutLine: {'line': b"reading manifest file '../../build/autodrive_f1tenth/autodrive_f1tenth.egg-info/SOURCES.txt'\n"}
[1.435590] (autodrive_f1tenth) StdoutLine: {'line': b"writing manifest file '../../build/autodrive_f1tenth/autodrive_f1tenth.egg-info/SOURCES.txt'\n"}
[1.436198] (autodrive_f1tenth) StdoutLine: {'line': b'running build\n'}
[1.436767] (autodrive_f1tenth) StdoutLine: {'line': b'running build_py\n'}
[1.437088] (autodrive_f1tenth) StdoutLine: {'line': b'creating /ros2_ws/build/autodrive_f1tenth/build\n'}
[1.437375] (autodrive_f1tenth) StdoutLine: {'line': b'creating /ros2_ws/build/autodrive_f1tenth/build/lib\n'}
[1.437729] (autodrive_f1tenth) StdoutLine: {'line': b'creating /ros2_ws/build/autodrive_f1tenth/build/lib/autodrive_f1tenth\n'}
[1.438225] (autodrive_f1tenth) StdoutLine: {'line': b'copying autodrive_f1tenth/autodrive_bridge.py -> /ros2_ws/build/autodrive_f1tenth/build/lib/autodrive_f1tenth\n'}
[1.438594] (autodrive_f1tenth) StdoutLine: {'line': b'copying autodrive_f1tenth/config.py -> /ros2_ws/build/autodrive_f1tenth/build/lib/autodrive_f1tenth\n'}
[1.438840] (autodrive_f1tenth) StdoutLine: {'line': b'copying autodrive_f1tenth/__init__.py -> /ros2_ws/build/autodrive_f1tenth/build/lib/autodrive_f1tenth\n'}
[1.439161] (autodrive_f1tenth) StdoutLine: {'line': b'copying autodrive_f1tenth/teleop_keyboard.py -> /ros2_ws/build/autodrive_f1tenth/build/lib/autodrive_f1tenth\n'}
[1.439596] (autodrive_f1tenth) StdoutLine: {'line': b'running install\n'}
[1.441147] (autodrive_f1tenth) StdoutLine: {'line': b'running install_lib\n'}
[1.442805] (autodrive_f1tenth) StdoutLine: {'line': b'creating /ros2_ws/install/autodrive_f1tenth/lib/python3.8/site-packages/autodrive_f1tenth\n'}
[1.443356] (autodrive_f1tenth) StdoutLine: {'line': b'copying /ros2_ws/build/autodrive_f1tenth/build/lib/autodrive_f1tenth/autodrive_bridge.py -> /ros2_ws/install/autodrive_f1tenth/lib/python3.8/site-packages/autodrive_f1tenth\n'}
[1.443627] (autodrive_f1tenth) StdoutLine: {'line': b'copying /ros2_ws/build/autodrive_f1tenth/build/lib/autodrive_f1tenth/config.py -> /ros2_ws/install/autodrive_f1tenth/lib/python3.8/site-packages/autodrive_f1tenth\n'}
[1.443786] (autodrive_f1tenth) StdoutLine: {'line': b'copying /ros2_ws/build/autodrive_f1tenth/build/lib/autodrive_f1tenth/__init__.py -> /ros2_ws/install/autodrive_f1tenth/lib/python3.8/site-packages/autodrive_f1tenth\n'}
[1.443957] (autodrive_f1tenth) StdoutLine: {'line': b'copying /ros2_ws/build/autodrive_f1tenth/build/lib/autodrive_f1tenth/teleop_keyboard.py -> /ros2_ws/install/autodrive_f1tenth/lib/python3.8/site-packages/autodrive_f1tenth\n'}
[1.444143] (autodrive_f1tenth) StdoutLine: {'line': b'byte-compiling /ros2_ws/install/autodrive_f1tenth/lib/python3.8/site-packages/autodrive_f1tenth/autodrive_bridge.py to autodrive_bridge.cpython-38.pyc\n'}
[1.449307] (autodrive_f1tenth) StdoutLine: {'line': b'byte-compiling /ros2_ws/install/autodrive_f1tenth/lib/python3.8/site-packages/autodrive_f1tenth/config.py to config.cpython-38.pyc\n'}
[1.449736] (autodrive_f1tenth) StdoutLine: {'line': b'byte-compiling /ros2_ws/install/autodrive_f1tenth/lib/python3.8/site-packages/autodrive_f1tenth/__init__.py to __init__.cpython-38.pyc\n'}
[1.450389] (autodrive_f1tenth) StdoutLine: {'line': b'byte-compiling /ros2_ws/install/autodrive_f1tenth/lib/python3.8/site-packages/autodrive_f1tenth/teleop_keyboard.py to teleop_keyboard.cpython-38.pyc\n'}
[1.452268] (autodrive_f1tenth) StdoutLine: {'line': b'running install_data\n'}
[1.452986] (autodrive_f1tenth) StdoutLine: {'line': b'creating /ros2_ws/install/autodrive_f1tenth/share/ament_index\n'}
[1.453315] (autodrive_f1tenth) StdoutLine: {'line': b'creating /ros2_ws/install/autodrive_f1tenth/share/ament_index/resource_index\n'}
[1.453570] (autodrive_f1tenth) StdoutLine: {'line': b'creating /ros2_ws/install/autodrive_f1tenth/share/ament_index/resource_index/packages\n'}
[1.453790] (autodrive_f1tenth) StdoutLine: {'line': b'copying resource/autodrive_f1tenth -> /ros2_ws/install/autodrive_f1tenth/share/ament_index/resource_index/packages\n'}
[1.454059] (autodrive_f1tenth) StdoutLine: {'line': b'copying package.xml -> /ros2_ws/install/autodrive_f1tenth/share/autodrive_f1tenth\n'}
[1.454352] (autodrive_f1tenth) StdoutLine: {'line': b'creating /ros2_ws/install/autodrive_f1tenth/share/autodrive_f1tenth/launch\n'}
[1.454621] (autodrive_f1tenth) StdoutLine: {'line': b'copying launch/simulator_bringup_headless.launch.py -> /ros2_ws/install/autodrive_f1tenth/share/autodrive_f1tenth/launch\n'}
[1.454928] (autodrive_f1tenth) StdoutLine: {'line': b'copying launch/simulator_bringup_rviz.launch.py -> /ros2_ws/install/autodrive_f1tenth/share/autodrive_f1tenth/launch\n'}
[1.455186] (autodrive_f1tenth) StdoutLine: {'line': b'creating /ros2_ws/install/autodrive_f1tenth/share/autodrive_f1tenth/rviz\n'}
[1.455402] (autodrive_f1tenth) StdoutLine: {'line': b'copying rviz/simulator.rviz -> /ros2_ws/install/autodrive_f1tenth/share/autodrive_f1tenth/rviz\n'}
[1.455570] (autodrive_f1tenth) StdoutLine: {'line': b'running install_egg_info\n'}
[1.457678] (autodrive_f1tenth) StdoutLine: {'line': b'Copying ../../build/autodrive_f1tenth/autodrive_f1tenth.egg-info to /ros2_ws/install/autodrive_f1tenth/lib/python3.8/site-packages/autodrive_f1tenth-0.1.0-py3.8.egg-info\n'}
[1.458867] (autodrive_f1tenth) StdoutLine: {'line': b'running install_scripts\n'}
[1.481312] (autodrive_f1tenth) StdoutLine: {'line': b'Installing autodrive_bridge script to /ros2_ws/install/autodrive_f1tenth/lib/autodrive_f1tenth\n'}
[1.481651] (autodrive_f1tenth) StdoutLine: {'line': b'Installing teleop_keyboard script to /ros2_ws/install/autodrive_f1tenth/lib/autodrive_f1tenth\n'}
[1.481849] (autodrive_f1tenth) StdoutLine: {'line': b"writing list of installed files to '/ros2_ws/build/autodrive_f1tenth/install.log'\n"}
[1.505792] (autodrive_f1tenth) CommandEnded: {'returncode': 0}
[1.507616] (-) TimerEvent: {}
[1.531852] (autodrive_f1tenth) JobEnded: {'identifier': 'autodrive_f1tenth', 'rc': 0}
[1.607778] (-) TimerEvent: {}
[1.668665] (f1tenth_mapping) CommandEnded: {'returncode': -2}
[1.672972] (f1tenth_mapping) StderrLine: {'line': b'Traceback (most recent call last):\n  File "/usr/lib/python3/dist-packages/colcon_parallel_executor/executor/parallel.py", line 67, in execute\n    loop.run_until_complete(future)\n  File "/usr/lib/python3.8/asyncio/base_events.py", line 603, in run_until_complete\n    self.run_forever()\n  File "/usr/lib/python3.8/asyncio/base_events.py", line 570, in run_forever\n    self._run_once()\n  File "/usr/lib/python3.8/asyncio/base_events.py", line 1823, in _run_once\n    event_list = self._selector.select(timeout)\n  File "/usr/lib/python3.8/selectors.py", line 468, in select\n    fd_event_list = self._selector.poll(timeout, max_ev)\nKeyboardInterrupt\n\nDuring handling of the above exception, another exception occurred:\n\nTraceback (most recent call last):\n  File "/usr/lib/python3/dist-packages/colcon_core/executor/__init__.py", line 91, in __call__\n    rc = await self.task(*args, **kwargs)\n  File "/usr/lib/python3/dist-packages/colcon_core/task/__init__.py", line 93, in __call__\n    return await task_method(*args, **kwargs)\n  File "/usr/lib/python3/dist-packages/colcon_ros/task/ament_cmake/build.py", line 59, in build\n    rc = await extension.build(\n  File "/usr/lib/python3/dist-packages/colcon_cmake/task/cmake/build.py", line 87, in build\n    rc = await self._reconfigure(args, env)\n  File "/usr/lib/python3/dist-packages/colcon_cmake/task/cmake/build.py", line 182, in _reconfigure\n    buildfile = get_buildfile(cmake_cache)\n  File "/usr/lib/python3/dist-packages/colcon_cmake/task/cmake/__init__.py", line 112, in get_buildfile\n    if \'Ninja\' in generator:\nTypeError: argument of type \'NoneType\' is not iterable\n'}
[1.673312] (f1tenth_mapping) JobEnded: {'identifier': 'f1tenth_mapping', 'rc': 'SIGINT'}
[1.684190] (-) EventReactorShutdown: {}
