[0.037s] Invoking command in '/home/bhajneet/sim_racing/ros2_ws/build/pure_pursuit': CMAKE_PREFIX_PATH=${CMAKE_PREFIX_PATH}:/home/bhajneet/sim_racing/ros2_ws/install/stanley_avoidance:/home/bhajneet/sim_racing/ros2_ws/install/particle_filter:/home/bhajneet/sim_racing/ros2_ws/install/autodrive_f1tenth:/opt/ros/foxy /usr/bin/cmake --build /home/bhajneet/sim_racing/ros2_ws/build/pure_pursuit -- -j8 -l8
[0.142s] [35m[1mScanning dependencies of target pure_pursuit[0m
[0.179s] [ 50%] Built target waypoint_visualizer
[0.209s] [ 75%] [32mBuilding CXX object CMakeFiles/pure_pursuit.dir/src/pure_pursuit.cpp.o[0m
[3.869s] [01m[K/home/bhajneet/sim_racing/ros2_ws/src/pure_pursuit/src/pure_pursuit.cpp:[m[K In member function â€˜[01m[Kvoid PurePursuit::publish_message(double)[m[Kâ€™:
[3.869s] [01m[K/home/bhajneet/sim_racing/ros2_ws/src/pure_pursuit/src/pure_pursuit.cpp:343:46:[m[K [01;31m[Kerror: [m[Kâ€˜[01m[Kconstrain[m[Kâ€™ is not a member of â€˜[01m[Kstd[m[Kâ€™
[3.869s]   343 |     drive_msgObj.drive.steering_angle = std::[01;31m[Kconstrain[m[K(steering_angle, -steering_limit, steering_limit);
[3.869s]       |                                              [01;31m[K^~~~~~~~~[m[K
[6.295s] make[2]: *** [CMakeFiles/pure_pursuit.dir/build.make:63: CMakeFiles/pure_pursuit.dir/src/pure_pursuit.cpp.o] Error 1
[6.295s] make[1]: *** [CMakeFiles/Makefile2:107: CMakeFiles/pure_pursuit.dir/all] Error 2
[6.295s] make: *** [Makefile:141: all] Error 2
[6.299s] Invoked command in '/home/bhajneet/sim_racing/ros2_ws/build/pure_pursuit' returned '2': CMAKE_PREFIX_PATH=${CMAKE_PREFIX_PATH}:/home/bhajneet/sim_racing/ros2_ws/install/stanley_avoidance:/home/bhajneet/sim_racing/ros2_ws/install/particle_filter:/home/bhajneet/sim_racing/ros2_ws/install/autodrive_f1tenth:/opt/ros/foxy /usr/bin/cmake --build /home/bhajneet/sim_racing/ros2_ws/build/pure_pursuit -- -j8 -l8
