[0.000000] (-) TimerEvent: {}
[0.000617] (autodrive_f1tenth) JobQueued: {'identifier': 'autodrive_f1tenth', 'dependencies': OrderedDict()}
[0.001154] (f1tenth_mapping) JobQueued: {'identifier': 'f1tenth_mapping', 'dependencies': OrderedDict()}
[0.001913] (autodrive_f1tenth) JobStarted: {'identifier': 'autodrive_f1tenth'}
[0.065431] (f1tenth_mapping) JobStarted: {'identifier': 'f1tenth_mapping'}
[0.102330] (-) TimerEvent: {}
[0.203488] (-) TimerEvent: {}
[0.303903] (-) TimerEvent: {}
[0.404688] (-) TimerEvent: {}
[0.505226] (-) TimerEvent: {}
[0.606534] (-) TimerEvent: {}
[0.706943] (-) TimerEvent: {}
[0.803069] (f1tenth_mapping) JobProgress: {'identifier': 'f1tenth_mapping', 'progress': 'cmake'}
[0.803930] (f1tenth_mapping) Command: {'cmd': ['/usr/bin/cmake', '/ros2_ws/src/f1tenth_mapping', '-DCMAKE_INSTALL_PREFIX=/ros2_ws/install/f1tenth_mapping'], 'cwd': '/ros2_ws/build/f1tenth_mapping', 'env': OrderedDict([('HOSTNAME', 'bhajneet-VivoBook'), ('GIT_ASKPASS', '/vscode/vscode-server/bin/linux-x64/4849ca9bdf9666755eb463db297b69e5385090e3/extensions/git/dist/askpass.sh'), ('SHLVL', '2'), ('LD_LIBRARY_PATH', '/opt/ros/foxy/opt/yaml_cpp_vendor/lib:/opt/ros/foxy/opt/rviz_ogre_vendor/lib:/opt/ros/foxy/lib/x86_64-linux-gnu:/opt/ros/foxy/lib'), ('BROWSER', '/vscode/vscode-server/bin/linux-x64/4849ca9bdf9666755eb463db297b69e5385090e3/bin/helpers/browser.sh'), ('HOME', '/home/ubuntu'), ('TERM_PROGRAM_VERSION', '1.93.0'), ('VSCODE_IPC_HOOK_CLI', '/tmp/vscode-ipc-310c888f-9d44-40e8-b821-213507060b74.sock'), ('ROS_PYTHON_VERSION', '3'), ('VSCODE_GIT_ASKPASS_MAIN', '/vscode/vscode-server/bin/linux-x64/4849ca9bdf9666755eb463db297b69e5385090e3/extensions/git/dist/askpass-main.js'), ('VSCODE_GIT_ASKPASS_NODE', '/vscode/vscode-server/bin/linux-x64/4849ca9bdf9666755eb463db297b69e5385090e3/node'), ('COLORTERM', 'truecolor'), ('REMOTE_CONTAINERS', 'true'), ('COLCON_PREFIX_PATH', '/ros2_ws/install'), ('ROS_DISTRO', 'foxy'), ('REMOTE_CONTAINERS_IPC', '/tmp/vscode-remote-containers-ipc-6644c9ca-a662-4199-b4de-717ae8b1800a.sock'), ('_', '/usr/bin/colcon'), ('ROS_VERSION', '2'), ('TERM', 'xterm-256color'), ('ROS_LOCALHOST_ONLY', '0'), ('PATH', '/vscode/vscode-server/bin/linux-x64/4849ca9bdf9666755eb463db297b69e5385090e3/bin/remote-cli:/opt/ros/foxy/bin:/usr/local/sbin:/usr/local/bin:/usr/sbin:/usr/bin:/sbin:/bin'), ('REMOTE_CONTAINERS_SOCKETS', '["/tmp/vscode-ssh-auth-6644c9ca-a662-4199-b4de-717ae8b1800a.sock","/tmp/.X11-unix/X1","/home/ubuntu/.gnupg/S.gpg-agent"]'), ('DISPLAY', ':1'), ('LANG', 'C.UTF-8'), ('LS_COLORS', 'rs=0:di=01;34:ln=01;36:mh=00:pi=40;33:so=01;35:do=01;35:bd=40;33;01:cd=40;33;01:or=40;31;01:mi=00:su=37;41:sg=30;43:ca=30;41:tw=30;42:ow=34;42:st=37;44:ex=01;32:*.tar=01;31:*.tgz=01;31:*.arc=01;31:*.arj=01;31:*.taz=01;31:*.lha=01;31:*.lz4=01;31:*.lzh=01;31:*.lzma=01;31:*.tlz=01;31:*.txz=01;31:*.tzo=01;31:*.t7z=01;31:*.zip=01;31:*.z=01;31:*.dz=01;31:*.gz=01;31:*.lrz=01;31:*.lz=01;31:*.lzo=01;31:*.xz=01;31:*.zst=01;31:*.tzst=01;31:*.bz2=01;31:*.bz=01;31:*.tbz=01;31:*.tbz2=01;31:*.tz=01;31:*.deb=01;31:*.rpm=01;31:*.jar=01;31:*.war=01;31:*.ear=01;31:*.sar=01;31:*.rar=01;31:*.alz=01;31:*.ace=01;31:*.zoo=01;31:*.cpio=01;31:*.7z=01;31:*.rz=01;31:*.cab=01;31:*.wim=01;31:*.swm=01;31:*.dwm=01;31:*.esd=01;31:*.jpg=01;35:*.jpeg=01;35:*.mjpg=01;35:*.mjpeg=01;35:*.gif=01;35:*.bmp=01;35:*.pbm=01;35:*.pgm=01;35:*.ppm=01;35:*.tga=01;35:*.xbm=01;35:*.xpm=01;35:*.tif=01;35:*.tiff=01;35:*.png=01;35:*.svg=01;35:*.svgz=01;35:*.mng=01;35:*.pcx=01;35:*.mov=01;35:*.mpg=01;35:*.mpeg=01;35:*.m2v=01;35:*.mkv=01;35:*.webm=01;35:*.ogm=01;35:*.mp4=01;35:*.m4v=01;35:*.mp4v=01;35:*.vob=01;35:*.qt=01;35:*.nuv=01;35:*.wmv=01;35:*.asf=01;35:*.rm=01;35:*.rmvb=01;35:*.flc=01;35:*.avi=01;35:*.fli=01;35:*.flv=01;35:*.gl=01;35:*.dl=01;35:*.xcf=01;35:*.xwd=01;35:*.yuv=01;35:*.cgm=01;35:*.emf=01;35:*.ogv=01;35:*.ogx=01;35:*.aac=00;36:*.au=00;36:*.flac=00;36:*.m4a=00;36:*.mid=00;36:*.midi=00;36:*.mka=00;36:*.mp3=00;36:*.mpc=00;36:*.ogg=00;36:*.ra=00;36:*.wav=00;36:*.oga=00;36:*.opus=00;36:*.spx=00;36:*.xspf=00;36:'), ('VSCODE_GIT_IPC_HANDLE', '/tmp/vscode-git-7d578379eb.sock'), ('TERM_PROGRAM', 'vscode'), ('SSH_AUTH_SOCK', '/tmp/vscode-ssh-auth-6644c9ca-a662-4199-b4de-717ae8b1800a.sock'), ('AMENT_PREFIX_PATH', '/ros2_ws/install/f1tenth_mapping:/ros2_ws/install/autodrive_f1tenth:/opt/ros/foxy'), ('REMOTE_CONTAINERS_DISPLAY_SOCK', '/tmp/.X11-unix/X1'), ('SHELL', '/bin/bash'), ('VSCODE_GIT_ASKPASS_EXTRA_ARGS', ''), ('PWD', '/ros2_ws/build/f1tenth_mapping'), ('LC_ALL', 'C.UTF-8'), ('PYTHONPATH', '/ros2_ws/install/autodrive_f1tenth/lib/python3.8/site-packages:/opt/ros/foxy/lib/python3.8/site-packages'), ('COLCON', '1'), ('CMAKE_PREFIX_PATH', '/ros2_ws/install/f1tenth_mapping:/ros2_ws/install/autodrive_f1tenth:/opt/ros/foxy')]), 'shell': False}
[0.815905] (-) TimerEvent: {}
[0.917322] (-) TimerEvent: {}
[1.017978] (-) TimerEvent: {}
[1.094306] (f1tenth_mapping) StdoutLine: {'line': b'-- The C compiler identification is GNU 9.4.0\n'}
[1.104000] (f1tenth_mapping) CommandEnded: {'returncode': -2}
[1.111034] (f1tenth_mapping) StderrLine: {'line': b'Traceback (most recent call last):\n  File "/usr/lib/python3/dist-packages/colcon_parallel_executor/executor/parallel.py", line 67, in execute\n    loop.run_until_complete(future)\n  File "/usr/lib/python3.8/asyncio/base_events.py", line 603, in run_until_complete\n    self.run_forever()\n  File "/usr/lib/python3.8/asyncio/base_events.py", line 570, in run_forever\n    self._run_once()\n  File "/usr/lib/python3.8/asyncio/base_events.py", line 1823, in _run_once\n    event_list = self._selector.select(timeout)\n  File "/usr/lib/python3.8/selectors.py", line 468, in select\n    fd_event_list = self._selector.poll(timeout, max_ev)\nKeyboardInterrupt\n\nDuring handling of the above exception, another exception occurred:\n\nTraceback (most recent call last):\n  File "/usr/lib/python3/dist-packages/colcon_core/executor/__init__.py", line 91, in __call__\n    rc = await self.task(*args, **kwargs)\n  File "/usr/lib/python3/dist-packages/colcon_core/task/__init__.py", line 93, in __call__\n    return await task_method(*args, **kwargs)\n  File "/usr/lib/python3/dist-packages/colcon_ros/task/ament_cmake/build.py", line 59, in build\n    rc = await extension.build(\n  File "/usr/lib/python3/dist-packages/colcon_cmake/task/cmake/build.py", line 87, in build\n    rc = await self._reconfigure(args, env)\n  File "/usr/lib/python3/dist-packages/colcon_cmake/task/cmake/build.py", line 182, in _reconfigure\n    buildfile = get_buildfile(cmake_cache)\n  File "/usr/lib/python3/dist-packages/colcon_cmake/task/cmake/__init__.py", line 112, in get_buildfile\n    if \'Ninja\' in generator:\nTypeError: argument of type \'NoneType\' is not iterable\n'}
[1.111360] (f1tenth_mapping) JobEnded: {'identifier': 'f1tenth_mapping', 'rc': 'SIGINT'}
[1.118185] (-) TimerEvent: {}
[1.135421] (autodrive_f1tenth) JobEnded: {'identifier': 'autodrive_f1tenth', 'rc': 'SIGINT'}
[1.146442] (-) EventReactorShutdown: {}
